
timestamp	event code	source node	source agent	destination node	destination agent	additional remarks
---------	----------	-----------	------------	-----------	------------	------------------
22.01.2015 00:53:58	NODE_STATUS_CHANGE (300)	-	-	-	-	CONFIGURED	
22.01.2015 00:53:58	NODE_STATUS_CHANGE (300)	-	-	-	-	RUNNING	
22.01.2015 00:53:59	AGENT_REGISTERED (3000)	-1966628085390531330 (java.lang.Long)	6449507902845778297	-	-	ServiceAgent	
22.01.2015 00:53:59	SERVICE_STARTUP (7000)	-1966628085390531330 (java.lang.Long)	6449507902845778297	-	-	i5.las2peer.services.IMService.IMServiceClass	
22.01.2015 00:53:59	AGENT_REGISTERED (3000)	-1966628085390531330 (java.lang.Long)	6784596877	-	-	ServiceInfoAgent	
22.01.2015 00:54:00	RMI_SENT (4000)	-1966628085390531330 (java.lang.Long)	6784596877	-	-	-	
22.01.2015 00:54:00	CONNECTOR_MESSAGE (9000)	-1966628085390531330 (java.lang.Long)	-	-	-	WebConnector: Web-Connector in HTTP mode running on port 8080	
22.01.2015 00:54:02	MESSAGE_RECEIVED (5000)	-1966628085390531330 (java.lang.Long)	6784596877	-1966628085390531330 (java.lang.Long)	6449507902845778297	-3535480129892728184	
22.01.2015 00:54:02	SERVICE_INVOCATION (7200)	-1966628085390531330 (java.lang.Long)	6784596877	-1966628085390531330 (java.lang.Long)	6449507902845778297	i5.las2peer.services.IMService.IMServiceClass/getRESTMapping	
22.01.2015 00:54:02	SERVICE_INVOCATION_FINISHED (7210)	-1966628085390531330 (java.lang.Long)	6784596877	-1966628085390531330 (java.lang.Long)	6449507902845778297	i5.las2peer.services.IMService.IMServiceClass/getRESTMapping	
22.01.2015 00:54:05	MESSAGE_RECEIVED_ANSWER (5001)	-1966628085390531330 (java.lang.Long)	6449507902845778297	-1966628085390531330 (java.lang.Long)	6784596877	-3535480129892728184	
22.01.2015 00:54:05	RMI_SUCCESSFUL (4100)	-1966628085390531330 (java.lang.Long)	6784596877	-	-	-	
22.01.2015 00:54:30	CONNECTOR_MESSAGE (9000)	-1966628085390531330 (java.lang.Long)	-	-	-	WebConnector: Web-Connector in HTTP mode has been stopped	
22.01.2015 00:54:30	SERVICE_SHUTDOWN (7100)	-1966628085390531330 (java.lang.Long)	6449507902845778297	-	-	i5.las2peer.services.IMService.IMServiceClass	
22.01.2015 00:54:30	NODE_SHUTDOWN (200)	-1966628085390531330 (java.lang.Long)	-	-	-	-	

timestamp	event code	source node	source agent	destination node	destination agent	additional remarks
---------	----------	-----------	------------	-----------	------------	------------------
22.01.2015 00:56:15	NODE_STATUS_CHANGE (300)	-	-	-	-	CONFIGURED	
22.01.2015 00:56:15	NODE_STATUS_CHANGE (300)	-	-	-	-	RUNNING	
22.01.2015 00:56:17	AGENT_REGISTERED (3000)	6972428253729016267 (java.lang.Long)	6449507902845778297	-	-	ServiceAgent	
22.01.2015 00:56:17	SERVICE_STARTUP (7000)	6972428253729016267 (java.lang.Long)	6449507902845778297	-	-	i5.las2peer.services.IMService.IMServiceClass	
22.01.2015 00:56:17	AGENT_REGISTERED (3000)	6972428253729016267 (java.lang.Long)	6784596877	-	-	ServiceInfoAgent	
22.01.2015 00:56:17	RMI_SENT (4000)	6972428253729016267 (java.lang.Long)	6784596877	-	-	-	
22.01.2015 00:56:18	CONNECTOR_MESSAGE (9000)	6972428253729016267 (java.lang.Long)	-	-	-	WebConnector: Web-Connector in HTTP mode running on port 8080	
22.01.2015 00:56:19	MESSAGE_RECEIVED (5000)	6972428253729016267 (java.lang.Long)	6784596877	6972428253729016267 (java.lang.Long)	6449507902845778297	-3802957810121647475	
22.01.2015 00:56:19	SERVICE_INVOCATION (7200)	6972428253729016267 (java.lang.Long)	6784596877	6972428253729016267 (java.lang.Long)	6449507902845778297	i5.las2peer.services.IMService.IMServiceClass/getRESTMapping	
22.01.2015 00:56:19	SERVICE_INVOCATION_FINISHED (7210)	6972428253729016267 (java.lang.Long)	6784596877	6972428253729016267 (java.lang.Long)	6449507902845778297	i5.las2peer.services.IMService.IMServiceClass/getRESTMapping	
22.01.2015 00:56:21	MESSAGE_RECEIVED_ANSWER (5001)	6972428253729016267 (java.lang.Long)	6449507902845778297	6972428253729016267 (java.lang.Long)	6784596877	-3802957810121647475	
22.01.2015 00:56:21	RMI_SUCCESSFUL (4100)	6972428253729016267 (java.lang.Long)	6784596877	-	-	-	
22.01.2015 00:56:31	AGENT_REGISTERED (3000)	6972428253729016267 (java.lang.Long)	-5021131362343084485	-	-	Mediator	
22.01.2015 00:56:33	AGENT_REMOVED (3060)	6972428253729016267 (java.lang.Long)	-5021131362343084485	-	-		
22.01.2015 00:56:34	AGENT_REGISTERED (3000)	6972428253729016267 (java.lang.Long)	-8626247308297765772	-	-	Mediator	
22.01.2015 00:56:34	AGENT_REMOVED (3060)	6972428253729016267 (java.lang.Long)	-8626247308297765772	-	-		
22.01.2015 00:56:35	AGENT_REGISTERED (3000)	6972428253729016267 (java.lang.Long)	-8626247308297765772	-	-	Mediator	
22.01.2015 00:56:35	AGENT_REMOVED (3060)	6972428253729016267 (java.lang.Long)	-8626247308297765772	-	-		
22.01.2015 00:56:35	AGENT_REGISTERED (3000)	6972428253729016267 (java.lang.Long)	-5021131362343084485	-	-	Mediator	
22.01.2015 00:56:36	AGENT_REMOVED (3060)	6972428253729016267 (java.lang.Long)	-5021131362343084485	-	-		
22.01.2015 00:56:45	CONNECTOR_MESSAGE (9000)	6972428253729016267 (java.lang.Long)	-	-	-	WebConnector: Web-Connector in HTTP mode has been stopped	
22.01.2015 00:56:45	SERVICE_SHUTDOWN (7100)	6972428253729016267 (java.lang.Long)	6449507902845778297	-	-	i5.las2peer.services.IMService.IMServiceClass	
22.01.2015 00:56:45	NODE_SHUTDOWN (200)	6972428253729016267 (java.lang.Long)	-	-	-	-	

timestamp	event code	source node	source agent	destination node	destination agent	additional remarks
---------	----------	-----------	------------	-----------	------------	------------------
22.01.2015 00:57:05	NODE_STATUS_CHANGE (300)	-	-	-	-	CONFIGURED	
22.01.2015 00:57:05	NODE_STATUS_CHANGE (300)	-	-	-	-	RUNNING	
22.01.2015 00:57:06	AGENT_REGISTERED (3000)	-3168406275987285511 (java.lang.Long)	6449507902845778297	-	-	ServiceAgent	
22.01.2015 00:57:06	SERVICE_STARTUP (7000)	-3168406275987285511 (java.lang.Long)	6449507902845778297	-	-	i5.las2peer.services.IMService.IMServiceClass	
22.01.2015 00:57:06	AGENT_REGISTERED (3000)	-3168406275987285511 (java.lang.Long)	6784596877	-	-	ServiceInfoAgent	
22.01.2015 00:57:07	RMI_SENT (4000)	-3168406275987285511 (java.lang.Long)	6784596877	-	-	-	
22.01.2015 00:57:08	CONNECTOR_MESSAGE (9000)	-3168406275987285511 (java.lang.Long)	-	-	-	WebConnector: Web-Connector in HTTP mode running on port 8080	
22.01.2015 00:57:09	MESSAGE_RECEIVED (5000)	-3168406275987285511 (java.lang.Long)	6784596877	-3168406275987285511 (java.lang.Long)	6449507902845778297	-2075475469879575159	
22.01.2015 00:57:09	SERVICE_INVOCATION (7200)	-3168406275987285511 (java.lang.Long)	6784596877	-3168406275987285511 (java.lang.Long)	6449507902845778297	i5.las2peer.services.IMService.IMServiceClass/getRESTMapping	
22.01.2015 00:57:10	SERVICE_INVOCATION_FINISHED (7210)	-3168406275987285511 (java.lang.Long)	6784596877	-3168406275987285511 (java.lang.Long)	6449507902845778297	i5.las2peer.services.IMService.IMServiceClass/getRESTMapping	
22.01.2015 00:57:13	MESSAGE_RECEIVED_ANSWER (5001)	-3168406275987285511 (java.lang.Long)	6449507902845778297	-3168406275987285511 (java.lang.Long)	6784596877	-2075475469879575159	
22.01.2015 00:57:13	RMI_SUCCESSFUL (4100)	-3168406275987285511 (java.lang.Long)	6784596877	-	-	-	
22.01.2015 00:57:20	AGENT_REGISTERED (3000)	-3168406275987285511 (java.lang.Long)	-8626247308297765772	-	-	Mediator	
22.01.2015 00:57:22	AGENT_REMOVED (3060)	-3168406275987285511 (java.lang.Long)	-8626247308297765772	-	-		
22.01.2015 00:57:23	AGENT_REGISTERED (3000)	-3168406275987285511 (java.lang.Long)	-5021131362343084485	-	-	Mediator	
22.01.2015 00:57:23	AGENT_REMOVED (3060)	-3168406275987285511 (java.lang.Long)	-5021131362343084485	-	-		
22.01.2015 00:57:33	CONNECTOR_MESSAGE (9000)	-3168406275987285511 (java.lang.Long)	-	-	-	WebConnector: Web-Connector in HTTP mode has been stopped	
22.01.2015 00:57:33	SERVICE_SHUTDOWN (7100)	-3168406275987285511 (java.lang.Long)	6449507902845778297	-	-	i5.las2peer.services.IMService.IMServiceClass	
22.01.2015 00:57:33	NODE_SHUTDOWN (200)	-3168406275987285511 (java.lang.Long)	-	-	-	-	

timestamp	event code	source node	source agent	destination node	destination agent	additional remarks
---------	----------	-----------	------------	-----------	------------	------------------
22.01.2015 00:57:50	NODE_STATUS_CHANGE (300)	-	-	-	-	CONFIGURED	
22.01.2015 00:57:50	NODE_STATUS_CHANGE (300)	-	-	-	-	RUNNING	
22.01.2015 00:57:52	AGENT_REGISTERED (3000)	8523367270481346648 (java.lang.Long)	6449507902845778297	-	-	ServiceAgent	
22.01.2015 00:57:52	SERVICE_STARTUP (7000)	8523367270481346648 (java.lang.Long)	6449507902845778297	-	-	i5.las2peer.services.IMService.IMServiceClass	
22.01.2015 00:57:52	AGENT_REGISTERED (3000)	8523367270481346648 (java.lang.Long)	6784596877	-	-	ServiceInfoAgent	
22.01.2015 00:57:52	RMI_SENT (4000)	8523367270481346648 (java.lang.Long)	6784596877	-	-	-	
22.01.2015 00:57:53	CONNECTOR_MESSAGE (9000)	8523367270481346648 (java.lang.Long)	-	-	-	WebConnector: Web-Connector in HTTP mode running on port 8080	
22.01.2015 00:57:55	MESSAGE_RECEIVED (5000)	8523367270481346648 (java.lang.Long)	6784596877	8523367270481346648 (java.lang.Long)	6449507902845778297	-3033095477179465913	
22.01.2015 00:57:55	SERVICE_INVOCATION (7200)	8523367270481346648 (java.lang.Long)	6784596877	8523367270481346648 (java.lang.Long)	6449507902845778297	i5.las2peer.services.IMService.IMServiceClass/getRESTMapping	
22.01.2015 00:57:56	SERVICE_INVOCATION_FINISHED (7210)	8523367270481346648 (java.lang.Long)	6784596877	8523367270481346648 (java.lang.Long)	6449507902845778297	i5.las2peer.services.IMService.IMServiceClass/getRESTMapping	
22.01.2015 00:57:59	MESSAGE_RECEIVED_ANSWER (5001)	8523367270481346648 (java.lang.Long)	6449507902845778297	8523367270481346648 (java.lang.Long)	6784596877	-3033095477179465913	
22.01.2015 00:57:59	RMI_SUCCESSFUL (4100)	8523367270481346648 (java.lang.Long)	6784596877	-	-	-	
22.01.2015 00:58:05	AGENT_REGISTERED (3000)	8523367270481346648 (java.lang.Long)	-7678677630072537742	-	-	Mediator	
22.01.2015 00:58:07	SERVICE_ERROR (-7500)	8523367270481346648 (java.lang.Long)	-	-	-	IMServiceClass: null	
22.01.2015 00:58:07	AGENT_REMOVED (3060)	8523367270481346648 (java.lang.Long)	-7678677630072537742	-	-		
22.01.2015 00:58:07	AGENT_REGISTERED (3000)	8523367270481346648 (java.lang.Long)	-7678677630072537742	-	-	Mediator	
22.01.2015 00:58:07	AGENT_REMOVED (3060)	8523367270481346648 (java.lang.Long)	-7678677630072537742	-	-		
22.01.2015 00:58:08	AGENT_REGISTERED (3000)	8523367270481346648 (java.lang.Long)	-7678677630072537742	-	-	Mediator	
22.01.2015 00:58:08	AGENT_REMOVED (3060)	8523367270481346648 (java.lang.Long)	-7678677630072537742	-	-		
22.01.2015 00:58:08	AGENT_REGISTERED (3000)	8523367270481346648 (java.lang.Long)	-5021131362343084485	-	-	Mediator	
22.01.2015 00:58:08	AGENT_REMOVED (3060)	8523367270481346648 (java.lang.Long)	-5021131362343084485	-	-		
22.01.2015 00:58:09	AGENT_REGISTERED (3000)	8523367270481346648 (java.lang.Long)	-5021131362343084485	-	-	Mediator	
22.01.2015 00:58:09	SERVICE_ERROR (-7500)	8523367270481346648 (java.lang.Long)	-	-	-	IMServiceClass: null	
22.01.2015 00:58:09	AGENT_REMOVED (3060)	8523367270481346648 (java.lang.Long)	-5021131362343084485	-	-		
22.01.2015 00:58:09	AGENT_REGISTERED (3000)	8523367270481346648 (java.lang.Long)	-5021131362343084485	-	-	Mediator	
22.01.2015 00:58:09	AGENT_REMOVED (3060)	8523367270481346648 (java.lang.Long)	-5021131362343084485	-	-		
22.01.2015 00:58:10	AGENT_REGISTERED (3000)	8523367270481346648 (java.lang.Long)	-8626247308297765772	-	-	Mediator	
22.01.2015 00:58:10	AGENT_REMOVED (3060)	8523367270481346648 (java.lang.Long)	-8626247308297765772	-	-		
22.01.2015 00:58:20	CONNECTOR_MESSAGE (9000)	8523367270481346648 (java.lang.Long)	-	-	-	WebConnector: Web-Connector in HTTP mode has been stopped	
22.01.2015 00:58:20	SERVICE_SHUTDOWN (7100)	8523367270481346648 (java.lang.Long)	6449507902845778297	-	-	i5.las2peer.services.IMService.IMServiceClass	
22.01.2015 00:58:20	NODE_SHUTDOWN (200)	8523367270481346648 (java.lang.Long)	-	-	-	-	

timestamp	event code	source node	source agent	destination node	destination agent	additional remarks
---------	----------	-----------	------------	-----------	------------	------------------
22.01.2015 00:58:37	NODE_STATUS_CHANGE (300)	-	-	-	-	CONFIGURED	
22.01.2015 00:58:38	NODE_STATUS_CHANGE (300)	-	-	-	-	RUNNING	
22.01.2015 00:58:39	AGENT_REGISTERED (3000)	6202023605993884618 (java.lang.Long)	6449507902845778297	-	-	ServiceAgent	
22.01.2015 00:58:39	SERVICE_STARTUP (7000)	6202023605993884618 (java.lang.Long)	6449507902845778297	-	-	i5.las2peer.services.IMService.IMServiceClass	
22.01.2015 00:58:39	AGENT_REGISTERED (3000)	6202023605993884618 (java.lang.Long)	6784596877	-	-	ServiceInfoAgent	
22.01.2015 00:58:40	RMI_SENT (4000)	6202023605993884618 (java.lang.Long)	6784596877	-	-	-	
22.01.2015 00:58:40	CONNECTOR_MESSAGE (9000)	6202023605993884618 (java.lang.Long)	-	-	-	WebConnector: Web-Connector in HTTP mode running on port 8080	
22.01.2015 00:58:41	MESSAGE_RECEIVED (5000)	6202023605993884618 (java.lang.Long)	6784596877	6202023605993884618 (java.lang.Long)	6449507902845778297	-2977722940148806374	
22.01.2015 00:58:41	SERVICE_INVOCATION (7200)	6202023605993884618 (java.lang.Long)	6784596877	6202023605993884618 (java.lang.Long)	6449507902845778297	i5.las2peer.services.IMService.IMServiceClass/getRESTMapping	
22.01.2015 00:58:41	SERVICE_INVOCATION_FINISHED (7210)	6202023605993884618 (java.lang.Long)	6784596877	6202023605993884618 (java.lang.Long)	6449507902845778297	i5.las2peer.services.IMService.IMServiceClass/getRESTMapping	
22.01.2015 00:58:42	MESSAGE_RECEIVED_ANSWER (5001)	6202023605993884618 (java.lang.Long)	6449507902845778297	6202023605993884618 (java.lang.Long)	6784596877	-2977722940148806374	
22.01.2015 00:58:42	RMI_SUCCESSFUL (4100)	6202023605993884618 (java.lang.Long)	6784596877	-	-	-	
22.01.2015 00:58:53	AGENT_REGISTERED (3000)	6202023605993884618 (java.lang.Long)	-8626247308297765772	-	-	Mediator	
22.01.2015 00:58:55	AGENT_REMOVED (3060)	6202023605993884618 (java.lang.Long)	-8626247308297765772	-	-		
22.01.2015 00:58:55	AGENT_REGISTERED (3000)	6202023605993884618 (java.lang.Long)	-8626247308297765772	-	-	Mediator	
22.01.2015 00:58:55	AGENT_REMOVED (3060)	6202023605993884618 (java.lang.Long)	-8626247308297765772	-	-		
22.01.2015 00:59:05	CONNECTOR_MESSAGE (9000)	6202023605993884618 (java.lang.Long)	-	-	-	WebConnector: Web-Connector in HTTP mode has been stopped	
22.01.2015 00:59:05	SERVICE_SHUTDOWN (7100)	6202023605993884618 (java.lang.Long)	6449507902845778297	-	-	i5.las2peer.services.IMService.IMServiceClass	
22.01.2015 00:59:05	NODE_SHUTDOWN (200)	6202023605993884618 (java.lang.Long)	-	-	-	-	

timestamp	event code	source node	source agent	destination node	destination agent	additional remarks
---------	----------	-----------	------------	-----------	------------	------------------
22.01.2015 00:59:24	NODE_STATUS_CHANGE (300)	-	-	-	-	CONFIGURED	
22.01.2015 00:59:25	NODE_STATUS_CHANGE (300)	-	-	-	-	RUNNING	
22.01.2015 00:59:26	AGENT_REGISTERED (3000)	-4656758564117479052 (java.lang.Long)	6449507902845778297	-	-	ServiceAgent	
22.01.2015 00:59:26	SERVICE_STARTUP (7000)	-4656758564117479052 (java.lang.Long)	6449507902845778297	-	-	i5.las2peer.services.IMService.IMServiceClass	
22.01.2015 00:59:26	AGENT_REGISTERED (3000)	-4656758564117479052 (java.lang.Long)	6784596877	-	-	ServiceInfoAgent	
22.01.2015 00:59:27	RMI_SENT (4000)	-4656758564117479052 (java.lang.Long)	6784596877	-	-	-	
22.01.2015 00:59:27	CONNECTOR_MESSAGE (9000)	-4656758564117479052 (java.lang.Long)	-	-	-	WebConnector: Web-Connector in HTTP mode running on port 8080	
22.01.2015 00:59:28	MESSAGE_RECEIVED (5000)	-4656758564117479052 (java.lang.Long)	6784596877	-4656758564117479052 (java.lang.Long)	6449507902845778297	-8020419877511046485	
22.01.2015 00:59:28	SERVICE_INVOCATION (7200)	-4656758564117479052 (java.lang.Long)	6784596877	-4656758564117479052 (java.lang.Long)	6449507902845778297	i5.las2peer.services.IMService.IMServiceClass/getRESTMapping	
22.01.2015 00:59:28	SERVICE_INVOCATION_FINISHED (7210)	-4656758564117479052 (java.lang.Long)	6784596877	-4656758564117479052 (java.lang.Long)	6449507902845778297	i5.las2peer.services.IMService.IMServiceClass/getRESTMapping	
22.01.2015 00:59:30	MESSAGE_RECEIVED_ANSWER (5001)	-4656758564117479052 (java.lang.Long)	6449507902845778297	-4656758564117479052 (java.lang.Long)	6784596877	-8020419877511046485	
22.01.2015 00:59:30	RMI_SUCCESSFUL (4100)	-4656758564117479052 (java.lang.Long)	6784596877	-	-	-	
22.01.2015 00:59:47	CONNECTOR_MESSAGE (9000)	-4656758564117479052 (java.lang.Long)	-	-	-	WebConnector: Web-Connector in HTTP mode has been stopped	
22.01.2015 00:59:47	SERVICE_SHUTDOWN (7100)	-4656758564117479052 (java.lang.Long)	6449507902845778297	-	-	i5.las2peer.services.IMService.IMServiceClass	
22.01.2015 00:59:47	NODE_SHUTDOWN (200)	-4656758564117479052 (java.lang.Long)	-	-	-	-	

timestamp	event code	source node	source agent	destination node	destination agent	additional remarks
---------	----------	-----------	------------	-----------	------------	------------------
26.01.2015 21:30:17	NODE_STATUS_CHANGE (300)	-	-	-	-	CONFIGURED	
26.01.2015 21:30:18	NODE_STATUS_CHANGE (300)	-	-	-	-	RUNNING	
26.01.2015 21:30:18	AGENT_REGISTERED (3000)	6755270560581665282 (java.lang.Long)	6449507902845778297	-	-	ServiceAgent	
26.01.2015 21:30:18	SERVICE_STARTUP (7000)	6755270560581665282 (java.lang.Long)	6449507902845778297	-	-	i5.las2peer.services.IMService.IMServiceClass	
26.01.2015 21:30:18	AGENT_REGISTERED (3000)	6755270560581665282 (java.lang.Long)	6784596877	-	-	ServiceInfoAgent	
26.01.2015 21:30:19	RMI_SENT (4000)	6755270560581665282 (java.lang.Long)	6784596877	-	-	-	
26.01.2015 21:30:20	CONNECTOR_MESSAGE (9000)	6755270560581665282 (java.lang.Long)	-	-	-	WebConnector: Web-Connector in HTTP mode running on port 8080	
26.01.2015 21:30:20	MESSAGE_RECEIVED (5000)	6755270560581665282 (java.lang.Long)	6784596877	6755270560581665282 (java.lang.Long)	6449507902845778297	7330278327645100153	
26.01.2015 21:30:20	SERVICE_INVOCATION (7200)	6755270560581665282 (java.lang.Long)	6784596877	6755270560581665282 (java.lang.Long)	6449507902845778297	i5.las2peer.services.IMService.IMServiceClass/getRESTMapping	
26.01.2015 21:30:21	SERVICE_INVOCATION_FINISHED (7210)	6755270560581665282 (java.lang.Long)	6784596877	6755270560581665282 (java.lang.Long)	6449507902845778297	i5.las2peer.services.IMService.IMServiceClass/getRESTMapping	
26.01.2015 21:30:24	MESSAGE_RECEIVED_ANSWER (5001)	6755270560581665282 (java.lang.Long)	6449507902845778297	6755270560581665282 (java.lang.Long)	6784596877	7330278327645100153	
26.01.2015 21:30:24	RMI_SUCCESSFUL (4100)	6755270560581665282 (java.lang.Long)	6784596877	-	-	-	
26.01.2015 21:30:34	AGENT_REGISTERED (3000)	6755270560581665282 (java.lang.Long)	-5021131362343084485	-	-	Mediator	
26.01.2015 21:30:34	AGENT_REMOVED (3060)	6755270560581665282 (java.lang.Long)	-5021131362343084485	-	-		
26.01.2015 21:30:35	AGENT_REGISTERED (3000)	6755270560581665282 (java.lang.Long)	-8626247308297765772	-	-	Mediator	
26.01.2015 21:30:35	AGENT_REMOVED (3060)	6755270560581665282 (java.lang.Long)	-8626247308297765772	-	-		
26.01.2015 21:30:35	AGENT_REGISTERED (3000)	6755270560581665282 (java.lang.Long)	-8626247308297765772	-	-	Mediator	
26.01.2015 21:30:36	AGENT_REMOVED (3060)	6755270560581665282 (java.lang.Long)	-8626247308297765772	-	-		
26.01.2015 21:30:36	AGENT_REGISTERED (3000)	6755270560581665282 (java.lang.Long)	-8626247308297765772	-	-	Mediator	
26.01.2015 21:30:37	AGENT_REMOVED (3060)	6755270560581665282 (java.lang.Long)	-8626247308297765772	-	-		
26.01.2015 21:30:38	AGENT_REGISTERED (3000)	6755270560581665282 (java.lang.Long)	-5021131362343084485	-	-	Mediator	
26.01.2015 21:30:38	AGENT_REMOVED (3060)	6755270560581665282 (java.lang.Long)	-5021131362343084485	-	-		
26.01.2015 21:30:38	AGENT_REGISTERED (3000)	6755270560581665282 (java.lang.Long)	-8626247308297765772	-	-	Mediator	
26.01.2015 21:30:38	AGENT_REMOVED (3060)	6755270560581665282 (java.lang.Long)	-8626247308297765772	-	-		
26.01.2015 21:30:48	CONNECTOR_MESSAGE (9000)	6755270560581665282 (java.lang.Long)	-	-	-	WebConnector: Web-Connector in HTTP mode has been stopped	
26.01.2015 21:30:48	SERVICE_SHUTDOWN (7100)	6755270560581665282 (java.lang.Long)	6449507902845778297	-	-	i5.las2peer.services.IMService.IMServiceClass	
26.01.2015 21:30:48	NODE_SHUTDOWN (200)	6755270560581665282 (java.lang.Long)	-	-	-	-	

timestamp	event code	source node	source agent	destination node	destination agent	additional remarks
---------	----------	-----------	------------	-----------	------------	------------------
26.01.2015 21:30:50	NODE_STATUS_CHANGE (300)	-	-	-	-	CONFIGURED	
26.01.2015 21:30:51	NODE_STATUS_CHANGE (300)	-	-	-	-	RUNNING	
26.01.2015 21:30:51	AGENT_REGISTERED (3000)	-1047777714774710806 (java.lang.Long)	6449507902845778297	-	-	ServiceAgent	
26.01.2015 21:30:51	SERVICE_STARTUP (7000)	-1047777714774710806 (java.lang.Long)	6449507902845778297	-	-	i5.las2peer.services.IMService.IMServiceClass	
26.01.2015 21:30:51	AGENT_REGISTERED (3000)	-1047777714774710806 (java.lang.Long)	6784596877	-	-	ServiceInfoAgent	
26.01.2015 21:30:52	RMI_SENT (4000)	-1047777714774710806 (java.lang.Long)	6784596877	-	-	-	
26.01.2015 21:30:52	CONNECTOR_MESSAGE (9000)	-1047777714774710806 (java.lang.Long)	-	-	-	WebConnector: Web-Connector in HTTP mode running on port 8080	
26.01.2015 21:30:53	MESSAGE_RECEIVED (5000)	-1047777714774710806 (java.lang.Long)	6784596877	-1047777714774710806 (java.lang.Long)	6449507902845778297	4304781613063465398	
26.01.2015 21:30:53	SERVICE_INVOCATION (7200)	-1047777714774710806 (java.lang.Long)	6784596877	-1047777714774710806 (java.lang.Long)	6449507902845778297	i5.las2peer.services.IMService.IMServiceClass/getRESTMapping	
26.01.2015 21:30:53	SERVICE_INVOCATION_FINISHED (7210)	-1047777714774710806 (java.lang.Long)	6784596877	-1047777714774710806 (java.lang.Long)	6449507902845778297	i5.las2peer.services.IMService.IMServiceClass/getRESTMapping	
26.01.2015 21:30:55	MESSAGE_RECEIVED_ANSWER (5001)	-1047777714774710806 (java.lang.Long)	6449507902845778297	-1047777714774710806 (java.lang.Long)	6784596877	4304781613063465398	
26.01.2015 21:30:55	RMI_SUCCESSFUL (4100)	-1047777714774710806 (java.lang.Long)	6784596877	-	-	-	
26.01.2015 21:31:05	AGENT_REGISTERED (3000)	-1047777714774710806 (java.lang.Long)	-8626247308297765772	-	-	Mediator	
26.01.2015 21:31:05	AGENT_REMOVED (3060)	-1047777714774710806 (java.lang.Long)	-8626247308297765772	-	-		
26.01.2015 21:31:15	CONNECTOR_MESSAGE (9000)	-1047777714774710806 (java.lang.Long)	-	-	-	WebConnector: Web-Connector in HTTP mode has been stopped	
26.01.2015 21:31:15	SERVICE_SHUTDOWN (7100)	-1047777714774710806 (java.lang.Long)	6449507902845778297	-	-	i5.las2peer.services.IMService.IMServiceClass	
26.01.2015 21:31:15	NODE_SHUTDOWN (200)	-1047777714774710806 (java.lang.Long)	-	-	-	-	
